<?xml version="1.0" encoding="UTF-8"?>
<!-- Generated by org.testng.reporters.JUnitReportReporter -->
<testsuite skipped="0" hostname="INDLT00321" name="FacebookDropdownMTD" tests="2" failures="0" timestamp="2020-12-30T13:40:29 IST" time="0.395" errors="0">
  <testcase name="GetAllOption" time="0.253" classname="FacebookDropdownMTD"/>
  <system-out/>
  <testcase name="dropdownMethod" time="0.142" classname="FacebookDropdownMTD"/>
  <system-out/>
</testsuite> <!-- FacebookDropdownMTD -->
