<?xml version="1.0" encoding="UTF-8"?>
<!-- Generated by org.testng.reporters.JUnitReportReporter -->
<testsuite skipped="0" hostname="INDLT00321" name="TestGroup" tests="2" failures="0" timestamp="2021-01-02T20:42:44 IST" time="0.017" errors="0">
  <testcase name="ragister" time="0.001" classname="TestGroup"/>
  <system-out/>
  <testcase name="login" time="0.016" classname="TestGroup"/>
  <system-out/>
</testsuite> <!-- TestGroup -->
