<?xml version="1.0" encoding="UTF-8"?>
<!-- Generated by org.testng.reporters.JUnitReportReporter -->
<testsuite skipped="0" hostname="INDLT00321" name="Democlass" tests="1" failures="0" timestamp="2020-12-30T21:34:47 IST" time="0.112" errors="0">
  <testcase name="printtext" time="0.112" classname="Democlass"/>
  <system-out/>
</testsuite> <!-- Democlass -->
