<?xml version="1.0" encoding="UTF-8"?>
<!-- Generated by org.testng.reporters.JUnitReportReporter -->
<testsuite skipped="1" hostname="INDLT00321" name="DragAndDrop" tests="2" failures="0" timestamp="2021-01-02T15:53:47 IST" time="0.005" errors="0">
  <testcase name="classA" time="0.005" classname="DragAndDrop"/>
  <system-out/>
  <testcase name="dragAnddrop" classname="DragAndDrop">
    <skipped/>
  </testcase> <!-- dragAnddrop -->
  <system-out/>
</testsuite> <!-- DragAndDrop -->
